[INFO  - 2017-07-30T08:45:36.523Z] GhostDriver - Main - running on port 53642
[INFO  - 2017-07-30T08:45:37.730Z] Session [75a63cf0-7503-11e7-ac43-f5ebe211d6a9] - page.settings - {"XSSAuditingEnabled":false,"javascriptCanCloseWindows":true,"javascriptCanOpenWindows":true,"javascriptEnabled":true,"loadImages":true,"localToRemoteUrlAccessEnabled":false,"userAgent":"Mozilla/5.0 (Windows NT 6.2; WOW64) AppleWebKit/538.1 (KHTML, like Gecko) PhantomJS/2.1.1 Safari/538.1","webSecurityEnabled":true}
[INFO  - 2017-07-30T08:45:37.730Z] Session [75a63cf0-7503-11e7-ac43-f5ebe211d6a9] - page.customHeaders:  - {}
[INFO  - 2017-07-30T08:45:37.730Z] Session [75a63cf0-7503-11e7-ac43-f5ebe211d6a9] - Session.negotiatedCapabilities - {"browserName":"phantomjs","version":"2.1.1","driverName":"ghostdriver","driverVersion":"1.2.0","platform":"windows-10-32bit","javascriptEnabled":true,"takesScreenshot":true,"handlesAlerts":false,"databaseEnabled":false,"locationContextEnabled":false,"applicationCacheEnabled":false,"browserConnectionEnabled":false,"cssSelectorsEnabled":true,"webStorageEnabled":false,"rotatable":false,"acceptSslCerts":false,"nativeEvents":true,"proxy":{"proxyType":"direct"}}
[INFO  - 2017-07-30T08:45:37.730Z] SessionManagerReqHand - _postNewSessionCommand - New Session Created: 75a63cf0-7503-11e7-ac43-f5ebe211d6a9
[ERROR - 2017-07-30T08:47:17.792Z] Session [75a63cf0-7503-11e7-ac43-f5ebe211d6a9] - page.onError - msg: pause@https://www.youtube.com/yts/jsbin/player-vflrwQIQw/en_US/base.js:6487:34
MV@https://www.youtube.com/yts/jsbin/player-vflrwQIQw/en_US/base.js:3418:51
xV@https://www.youtube.com/yts/jsbin/player-vflrwQIQw/en_US/base.js:3391:182
gra@https://www.youtube.com/yts/jsbin/player-vflrwQIQw/en_US/base.js:4154:126
r1@https://www.youtube.com/yts/jsbin/player-vflrwQIQw/en_US/base.js:4133:103
https://www.youtube.com/yts/jsbin/player-vflrwQIQw/en_US/base.js:7230:167
https://www.youtube.com/yts/jsbin/www-embed-player-vfllwwkQI/www-embed-player.js:373:293
[native code]
cb@https://www.youtube.com/yts/jsbin/www-embed-player-vfllwwkQI/www-embed-player.js:374:19
Fg@https://www.youtube.com/yts/jsbin/www-embed-player-vfllwwkQI/www-embed-player.js:371:147
ja@https://www.youtube.com/yts/jsbin/www-embed-player-vfllwwkQI/www-embed-player.js:363:160
https://www.youtube.com/yts/jsbin/www-embed-player-vfllwwkQI/www-embed-player.js:411:197

  phantomjs://platform/console++.js:263 in error
[ERROR - 2017-07-30T08:47:17.792Z] Session [75a63cf0-7503-11e7-ac43-f5ebe211d6a9] - page.onError - stack:
  pause (https://www.youtube.com/yts/jsbin/player-vflrwQIQw/en_US/base.js:6487)
  MV (https://www.youtube.com/yts/jsbin/player-vflrwQIQw/en_US/base.js:3418)
  xV (https://www.youtube.com/yts/jsbin/player-vflrwQIQw/en_US/base.js:3391)
  gra (https://www.youtube.com/yts/jsbin/player-vflrwQIQw/en_US/base.js:4154)
  r1 (https://www.youtube.com/yts/jsbin/player-vflrwQIQw/en_US/base.js:4133)
  (anonymous function) (https://www.youtube.com/yts/jsbin/player-vflrwQIQw/en_US/base.js:7230)
  (anonymous function) (https://www.youtube.com/yts/jsbin/www-embed-player-vfllwwkQI/www-embed-player.js:373)
  (anonymous function) (:0)
  cb (https://www.youtube.com/yts/jsbin/www-embed-player-vfllwwkQI/www-embed-player.js:374)
  Fg (https://www.youtube.com/yts/jsbin/www-embed-player-vfllwwkQI/www-embed-player.js:371)
  ja (https://www.youtube.com/yts/jsbin/www-embed-player-vfllwwkQI/www-embed-player.js:363)
  (anonymous function) (https://www.youtube.com/yts/jsbin/www-embed-player-vfllwwkQI/www-embed-player.js:411)

  phantomjs://platform/console++.js:263 in error
[ERROR - 2017-07-30T08:47:32.503Z] Session [75a63cf0-7503-11e7-ac43-f5ebe211d6a9] - page.onError - msg: pause@https://www.youtube.com/yts/jsbin/player-vflrwQIQw/en_US/base.js:6487:34
MV@https://www.youtube.com/yts/jsbin/player-vflrwQIQw/en_US/base.js:3418:51
xV@https://www.youtube.com/yts/jsbin/player-vflrwQIQw/en_US/base.js:3391:182
gra@https://www.youtube.com/yts/jsbin/player-vflrwQIQw/en_US/base.js:4154:126
r1@https://www.youtube.com/yts/jsbin/player-vflrwQIQw/en_US/base.js:4133:103
https://www.youtube.com/yts/jsbin/player-vflrwQIQw/en_US/base.js:7230:167
https://www.youtube.com/yts/jsbin/www-embed-player-vfllwwkQI/www-embed-player.js:373:293
[native code]
cb@https://www.youtube.com/yts/jsbin/www-embed-player-vfllwwkQI/www-embed-player.js:374:19
Fg@https://www.youtube.com/yts/jsbin/www-embed-player-vfllwwkQI/www-embed-player.js:371:147
ja@https://www.youtube.com/yts/jsbin/www-embed-player-vfllwwkQI/www-embed-player.js:363:160
https://www.youtube.com/yts/jsbin/www-embed-player-vfllwwkQI/www-embed-player.js:411:197

  phantomjs://platform/console++.js:263 in error
[ERROR - 2017-07-30T08:47:32.503Z] Session [75a63cf0-7503-11e7-ac43-f5ebe211d6a9] - page.onError - stack:
  pause (https://www.youtube.com/yts/jsbin/player-vflrwQIQw/en_US/base.js:6487)
  MV (https://www.youtube.com/yts/jsbin/player-vflrwQIQw/en_US/base.js:3418)
  xV (https://www.youtube.com/yts/jsbin/player-vflrwQIQw/en_US/base.js:3391)
  gra (https://www.youtube.com/yts/jsbin/player-vflrwQIQw/en_US/base.js:4154)
  r1 (https://www.youtube.com/yts/jsbin/player-vflrwQIQw/en_US/base.js:4133)
  (anonymous function) (https://www.youtube.com/yts/jsbin/player-vflrwQIQw/en_US/base.js:7230)
  (anonymous function) (https://www.youtube.com/yts/jsbin/www-embed-player-vfllwwkQI/www-embed-player.js:373)
  (anonymous function) (:0)
  cb (https://www.youtube.com/yts/jsbin/www-embed-player-vfllwwkQI/www-embed-player.js:374)
  Fg (https://www.youtube.com/yts/jsbin/www-embed-player-vfllwwkQI/www-embed-player.js:371)
  ja (https://www.youtube.com/yts/jsbin/www-embed-player-vfllwwkQI/www-embed-player.js:363)
  (anonymous function) (https://www.youtube.com/yts/jsbin/www-embed-player-vfllwwkQI/www-embed-player.js:411)

  phantomjs://platform/console++.js:263 in error
[ERROR - 2017-07-30T08:48:07.620Z] Session [75a63cf0-7503-11e7-ac43-f5ebe211d6a9] - page.onError - msg: pause@https://www.youtube.com/yts/jsbin/player-vflrwQIQw/en_US/base.js:6487:34
MV@https://www.youtube.com/yts/jsbin/player-vflrwQIQw/en_US/base.js:3418:51
xV@https://www.youtube.com/yts/jsbin/player-vflrwQIQw/en_US/base.js:3391:182
gra@https://www.youtube.com/yts/jsbin/player-vflrwQIQw/en_US/base.js:4154:126
r1@https://www.youtube.com/yts/jsbin/player-vflrwQIQw/en_US/base.js:4133:103
https://www.youtube.com/yts/jsbin/player-vflrwQIQw/en_US/base.js:7230:167
https://www.youtube.com/yts/jsbin/www-embed-player-vfllwwkQI/www-embed-player.js:373:293
[native code]
cb@https://www.youtube.com/yts/jsbin/www-embed-player-vfllwwkQI/www-embed-player.js:374:19
Fg@https://www.youtube.com/yts/jsbin/www-embed-player-vfllwwkQI/www-embed-player.js:371:147
ja@https://www.youtube.com/yts/jsbin/www-embed-player-vfllwwkQI/www-embed-player.js:363:160
https://www.youtube.com/yts/jsbin/www-embed-player-vfllwwkQI/www-embed-player.js:411:197

  phantomjs://platform/console++.js:263 in error
[ERROR - 2017-07-30T08:48:07.620Z] Session [75a63cf0-7503-11e7-ac43-f5ebe211d6a9] - page.onError - stack:
  pause (https://www.youtube.com/yts/jsbin/player-vflrwQIQw/en_US/base.js:6487)
  MV (https://www.youtube.com/yts/jsbin/player-vflrwQIQw/en_US/base.js:3418)
  xV (https://www.youtube.com/yts/jsbin/player-vflrwQIQw/en_US/base.js:3391)
  gra (https://www.youtube.com/yts/jsbin/player-vflrwQIQw/en_US/base.js:4154)
  r1 (https://www.youtube.com/yts/jsbin/player-vflrwQIQw/en_US/base.js:4133)
  (anonymous function) (https://www.youtube.com/yts/jsbin/player-vflrwQIQw/en_US/base.js:7230)
  (anonymous function) (https://www.youtube.com/yts/jsbin/www-embed-player-vfllwwkQI/www-embed-player.js:373)
  (anonymous function) (:0)
  cb (https://www.youtube.com/yts/jsbin/www-embed-player-vfllwwkQI/www-embed-player.js:374)
  Fg (https://www.youtube.com/yts/jsbin/www-embed-player-vfllwwkQI/www-embed-player.js:371)
  ja (https://www.youtube.com/yts/jsbin/www-embed-player-vfllwwkQI/www-embed-player.js:363)
  (anonymous function) (https://www.youtube.com/yts/jsbin/www-embed-player-vfllwwkQI/www-embed-player.js:411)

  phantomjs://platform/console++.js:263 in error
[ERROR - 2017-07-30T08:48:22.701Z] Session [75a63cf0-7503-11e7-ac43-f5ebe211d6a9] - page.onError - msg: pause@https://www.youtube.com/yts/jsbin/player-vflrwQIQw/en_US/base.js:6487:34
MV@https://www.youtube.com/yts/jsbin/player-vflrwQIQw/en_US/base.js:3418:51
xV@https://www.youtube.com/yts/jsbin/player-vflrwQIQw/en_US/base.js:3391:182
gra@https://www.youtube.com/yts/jsbin/player-vflrwQIQw/en_US/base.js:4154:126
r1@https://www.youtube.com/yts/jsbin/player-vflrwQIQw/en_US/base.js:4133:103
https://www.youtube.com/yts/jsbin/player-vflrwQIQw/en_US/base.js:7230:167
https://www.youtube.com/yts/jsbin/www-embed-player-vfllwwkQI/www-embed-player.js:373:293
[native code]
cb@https://www.youtube.com/yts/jsbin/www-embed-player-vfllwwkQI/www-embed-player.js:374:19
Fg@https://www.youtube.com/yts/jsbin/www-embed-player-vfllwwkQI/www-embed-player.js:371:147
ja@https://www.youtube.com/yts/jsbin/www-embed-player-vfllwwkQI/www-embed-player.js:363:160
https://www.youtube.com/yts/jsbin/www-embed-player-vfllwwkQI/www-embed-player.js:411:197

  phantomjs://platform/console++.js:263 in error
[ERROR - 2017-07-30T08:48:22.701Z] Session [75a63cf0-7503-11e7-ac43-f5ebe211d6a9] - page.onError - stack:
  pause (https://www.youtube.com/yts/jsbin/player-vflrwQIQw/en_US/base.js:6487)
  MV (https://www.youtube.com/yts/jsbin/player-vflrwQIQw/en_US/base.js:3418)
  xV (https://www.youtube.com/yts/jsbin/player-vflrwQIQw/en_US/base.js:3391)
  gra (https://www.youtube.com/yts/jsbin/player-vflrwQIQw/en_US/base.js:4154)
  r1 (https://www.youtube.com/yts/jsbin/player-vflrwQIQw/en_US/base.js:4133)
  (anonymous function) (https://www.youtube.com/yts/jsbin/player-vflrwQIQw/en_US/base.js:7230)
  (anonymous function) (https://www.youtube.com/yts/jsbin/www-embed-player-vfllwwkQI/www-embed-player.js:373)
  (anonymous function) (:0)
  cb (https://www.youtube.com/yts/jsbin/www-embed-player-vfllwwkQI/www-embed-player.js:374)
  Fg (https://www.youtube.com/yts/jsbin/www-embed-player-vfllwwkQI/www-embed-player.js:371)
  ja (https://www.youtube.com/yts/jsbin/www-embed-player-vfllwwkQI/www-embed-player.js:363)
  (anonymous function) (https://www.youtube.com/yts/jsbin/www-embed-player-vfllwwkQI/www-embed-player.js:411)

  phantomjs://platform/console++.js:263 in error
[ERROR - 2017-07-30T08:48:22.718Z] Session [75a63cf0-7503-11e7-ac43-f5ebe211d6a9] - page.onError - msg: pause@https://www.youtube.com/yts/jsbin/player-vflrwQIQw/en_US/base.js:6487:34
MV@https://www.youtube.com/yts/jsbin/player-vflrwQIQw/en_US/base.js:3418:51
xV@https://www.youtube.com/yts/jsbin/player-vflrwQIQw/en_US/base.js:3391:182
gra@https://www.youtube.com/yts/jsbin/player-vflrwQIQw/en_US/base.js:4154:126
r1@https://www.youtube.com/yts/jsbin/player-vflrwQIQw/en_US/base.js:4133:103
https://www.youtube.com/yts/jsbin/player-vflrwQIQw/en_US/base.js:7230:167
https://www.youtube.com/yts/jsbin/www-embed-player-vfllwwkQI/www-embed-player.js:373:293
[native code]
cb@https://www.youtube.com/yts/jsbin/www-embed-player-vfllwwkQI/www-embed-player.js:374:19
Fg@https://www.youtube.com/yts/jsbin/www-embed-player-vfllwwkQI/www-embed-player.js:371:147
ja@https://www.youtube.com/yts/jsbin/www-embed-player-vfllwwkQI/www-embed-player.js:363:160
https://www.youtube.com/yts/jsbin/www-embed-player-vfllwwkQI/www-embed-player.js:411:197

  phantomjs://platform/console++.js:263 in error
[ERROR - 2017-07-30T08:48:22.718Z] Session [75a63cf0-7503-11e7-ac43-f5ebe211d6a9] - page.onError - stack:
  pause (https://www.youtube.com/yts/jsbin/player-vflrwQIQw/en_US/base.js:6487)
  MV (https://www.youtube.com/yts/jsbin/player-vflrwQIQw/en_US/base.js:3418)
  xV (https://www.youtube.com/yts/jsbin/player-vflrwQIQw/en_US/base.js:3391)
  gra (https://www.youtube.com/yts/jsbin/player-vflrwQIQw/en_US/base.js:4154)
  r1 (https://www.youtube.com/yts/jsbin/player-vflrwQIQw/en_US/base.js:4133)
  (anonymous function) (https://www.youtube.com/yts/jsbin/player-vflrwQIQw/en_US/base.js:7230)
  (anonymous function) (https://www.youtube.com/yts/jsbin/www-embed-player-vfllwwkQI/www-embed-player.js:373)
  (anonymous function) (:0)
  cb (https://www.youtube.com/yts/jsbin/www-embed-player-vfllwwkQI/www-embed-player.js:374)
  Fg (https://www.youtube.com/yts/jsbin/www-embed-player-vfllwwkQI/www-embed-player.js:371)
  ja (https://www.youtube.com/yts/jsbin/www-embed-player-vfllwwkQI/www-embed-player.js:363)
  (anonymous function) (https://www.youtube.com/yts/jsbin/www-embed-player-vfllwwkQI/www-embed-player.js:411)

  phantomjs://platform/console++.js:263 in error
